duns/andEngine/build/intermediates/manifest_merge_blame_file/release/manifest-merger-blame-release-report.txt
1<?xml version="1.0" encoding="utf-8"?>
2<manifest xmlns:android="http://schemas.android.com/apk/res/android"
3    xmlns:tools="http://schemas.android.com/tools"
4    package="org.andengine"
5    android:versionCode="1"
6    android:versionName="1.0" >
7
8    <uses-sdk
8-->src\main\AndroidManifest.xml:8:2-42
9        android:minSdkVersion="8"
9-->src\main\AndroidManifest.xml:8:2-42
10        android:targetSdkVersion="8" />
10-->src\main\AndroidManifest.xml:8:12-40
11
12    <application
12-->src\main\AndroidManifest.xml:10:2-11:39
13        android:debuggable="true"
13-->src\main\AndroidManifest.xml:10:15-40
14        tools:ignore="HardcodedDebugMode" />
14-->src\main\AndroidManifest.xml:11:3-36
15
16</manifest>